0 info it worked if it ends with ok
1 verbose cli [ '/usr/local/bin/node', '/usr/local/bin/npm', 'run', 'start:w' ]
2 info using npm@3.8.3
3 info using node@v5.10.1
4 verbose run-script [ 'prestart:w', 'start:w', 'poststart:w' ]
5 info lifecycle green-pattern-map@1.0.1~prestart:w: green-pattern-map@1.0.1
6 silly lifecycle green-pattern-map@1.0.1~prestart:w: no script for prestart:w, continuing
7 info lifecycle green-pattern-map@1.0.1~start:w: green-pattern-map@1.0.1
8 verbose lifecycle green-pattern-map@1.0.1~start:w: unsafe-perm in lifecycle true
9 verbose lifecycle green-pattern-map@1.0.1~start:w: PATH: /usr/local/lib/node_modules/npm/bin/node-gyp-bin:/home/poco/Downloads/green-pattern-map2/node_modules/.bin:/usr/local/bin:/usr/local/bin:/usr/local/bin:/usr/bin:/bin:/usr/local/games:/usr/games
10 verbose lifecycle green-pattern-map@1.0.1~start:w: CWD: /home/poco/Downloads/green-pattern-map2
11 silly lifecycle green-pattern-map@1.0.1~start:w: Args: [ '-c', 'concurrently "node index.js" "gulp asset_watcher" ' ]
12 silly lifecycle green-pattern-map@1.0.1~start:w: Returned: code: 1  signal: null
13 info lifecycle green-pattern-map@1.0.1~start:w: Failed to exec start:w script
14 verbose stack Error: green-pattern-map@1.0.1 start:w: `concurrently "node index.js" "gulp asset_watcher" `
14 verbose stack Exit status 1
14 verbose stack     at EventEmitter.<anonymous> (/usr/local/lib/node_modules/npm/lib/utils/lifecycle.js:239:16)
14 verbose stack     at emitTwo (events.js:100:13)
14 verbose stack     at EventEmitter.emit (events.js:185:7)
14 verbose stack     at ChildProcess.<anonymous> (/usr/local/lib/node_modules/npm/lib/utils/spawn.js:24:14)
14 verbose stack     at emitTwo (events.js:100:13)
14 verbose stack     at ChildProcess.emit (events.js:185:7)
14 verbose stack     at maybeClose (internal/child_process.js:850:16)
14 verbose stack     at Process.ChildProcess._handle.onexit (internal/child_process.js:215:5)
15 verbose pkgid green-pattern-map@1.0.1
16 verbose cwd /home/poco/Downloads/green-pattern-map2
17 error Linux 3.8.11
18 error argv "/usr/local/bin/node" "/usr/local/bin/npm" "run" "start:w"
19 error node v5.10.1
20 error npm  v3.8.3
21 error code ELIFECYCLE
22 error green-pattern-map@1.0.1 start:w: `concurrently "node index.js" "gulp asset_watcher" `
22 error Exit status 1
23 error Failed at the green-pattern-map@1.0.1 start:w script 'concurrently "node index.js" "gulp asset_watcher" '.
23 error Make sure you have the latest version of node.js and npm installed.
23 error If you do, this is most likely a problem with the green-pattern-map package,
23 error not with npm itself.
23 error Tell the author that this fails on your system:
23 error     concurrently "node index.js" "gulp asset_watcher"
23 error You can get information on how to open an issue for this project with:
23 error     npm bugs green-pattern-map
23 error Or if that isn't available, you can get their info via:
23 error     npm owner ls green-pattern-map
23 error There is likely additional logging output above.
24 verbose exit [ 1, true ]
